2014/05/19 12:42:54 [error] [exception.CDbException] SQLSTATE[HY000] [14] unable to open database file
2014/05/19 12:42:54 [error] [exception.CDbException] exception 'CDbException' with message 'CDbConnection failed to open the DB connection.' in D:\workspace\java\pims\util\yii\framework\db\CDbConnection.php:388
Stack trace:
#0 D:\workspace\java\pims\util\yii\framework\db\CDbConnection.php(330): CDbConnection->open()
#1 D:\workspace\java\pims\util\yii\framework\db\CDbConnection.php(308): CDbConnection->setActive(true)
#2 D:\workspace\java\pims\util\yii\framework\base\CModule.php(387): CDbConnection->init()
#3 D:\workspace\java\pims\util\yii\framework\base\CApplication.php(450): CModule->getComponent('db')
#4 D:\workspace\java\pims\util\yii\framework\db\ar\CActiveRecord.php(634): CApplication->getDb()
#5 D:\workspace\java\pims\util\yii\framework\db\ar\CActiveRecord.php(667): CActiveRecord->getDbConnection()
#6 D:\workspace\java\pims\util\yii\framework\db\ar\CActiveRecord.php(1595): CActiveRecord->getCommandBuilder()
#7 D:\workspace\java\pims\util\yii\framework\web\CActiveDataProvider.php(228): CActiveRecord->count(Object(CDbCriteria))
#8 D:\workspace\java\pims\util\yii\framework\web\CDataProvider.php(224): CActiveDataProvider->calculateTotalItemCount()
#9 D:\workspace\java\pims\util\yii\framework\web\CActiveDataProvider.php(178): CDataProvider->getTotalItemCount()
#10 D:\workspace\java\pims\util\yii\framework\web\CDataProvider.php(168): CActiveDataProvider->fetchData()
#11 D:\workspace\java\pims\util\yii\framework\zii\widgets\CBaseListView.php(111): CDataProvider->getData()
#12 D:\workspace\java\pims\util\yii\framework\zii\widgets\CListView.php(211): CBaseListView->init()
#13 D:\workspace\java\pims\util\yii\framework\web\CBaseController.php(147): CListView->init()
#14 D:\workspace\java\pims\util\yii\framework\web\CBaseController.php(172): CBaseController->createWidget('zii.widgets.CLi...', Array)
#15 D:\workspace\java\pims\util\yii\demos\blog\protected\views\post\index.php(9): CBaseController->widget('zii.widgets.CLi...', Array)
#16 D:\workspace\java\pims\util\yii\framework\web\CBaseController.php(126): require('D:\workspace\ja...')
#17 D:\workspace\java\pims\util\yii\framework\web\CBaseController.php(95): CBaseController->renderInternal('D:\workspace\ja...', Array, true)
#18 D:\workspace\java\pims\util\yii\framework\web\CController.php(869): CBaseController->renderFile('D:\workspace\ja...', Array, true)
#19 D:\workspace\java\pims\util\yii\framework\web\CController.php(782): CController->renderPartial('index', Array, true)
#20 D:\workspace\java\pims\util\yii\demos\blog\protected\controllers\PostController.php(136): CController->render('index', Array)
#21 D:\workspace\java\pims\util\yii\framework\web\actions\CInlineAction.php(49): PostController->actionIndex()
#22 D:\workspace\java\pims\util\yii\framework\web\CController.php(308): CInlineAction->runWithParams(Array)
#23 D:\workspace\java\pims\util\yii\framework\web\filters\CFilterChain.php(133): CController->runAction(Object(CInlineAction))
#24 D:\workspace\java\pims\util\yii\framework\web\filters\CFilter.php(40): CFilterChain->run()
#25 D:\workspace\java\pims\util\yii\framework\web\CController.php(1145): CFilter->filter(Object(CFilterChain))
#26 D:\workspace\java\pims\util\yii\framework\web\filters\CInlineFilter.php(58): CController->filterAccessControl(Object(CFilterChain))
#27 D:\workspace\java\pims\util\yii\framework\web\filters\CFilterChain.php(130): CInlineFilter->filter(Object(CFilterChain))
#28 D:\workspace\java\pims\util\yii\framework\web\CController.php(291): CFilterChain->run()
#29 D:\workspace\java\pims\util\yii\framework\web\CController.php(265): CController->runActionWithFilters(Object(CInlineAction), Array)
#30 D:\workspace\java\pims\util\yii\framework\web\CWebApplication.php(282): CController->run('')
#31 D:\workspace\java\pims\util\yii\framework\web\CWebApplication.php(141): CWebApplication->runController('')
#32 D:\workspace\java\pims\util\yii\framework\base\CApplication.php(180): CWebApplication->processRequest()
#33 D:\workspace\java\pims\index.php(23): CApplication->run()
#34 {main}
REQUEST_URI=/workspace/java/pims/
HTTP_REFERER=http://localhost/prog/head.php
---
2014/05/19 12:42:59 [error] [exception.CDbException] SQLSTATE[HY000] [14] unable to open database file
2014/05/19 12:42:59 [error] [exception.CDbException] exception 'CDbException' with message 'CDbConnection failed to open the DB connection.' in D:\workspace\java\pims\util\yii\framework\db\CDbConnection.php:388
Stack trace:
#0 D:\workspace\java\pims\util\yii\framework\db\CDbConnection.php(330): CDbConnection->open()
#1 D:\workspace\java\pims\util\yii\framework\db\CDbConnection.php(308): CDbConnection->setActive(true)
#2 D:\workspace\java\pims\util\yii\framework\base\CModule.php(387): CDbConnection->init()
#3 D:\workspace\java\pims\util\yii\framework\base\CApplication.php(450): CModule->getComponent('db')
#4 D:\workspace\java\pims\util\yii\framework\db\ar\CActiveRecord.php(634): CApplication->getDb()
#5 D:\workspace\java\pims\util\yii\framework\db\ar\CActiveRecord.php(667): CActiveRecord->getDbConnection()
#6 D:\workspace\java\pims\util\yii\framework\db\ar\CActiveRecord.php(1595): CActiveRecord->getCommandBuilder()
#7 D:\workspace\java\pims\util\yii\framework\web\CActiveDataProvider.php(228): CActiveRecord->count(Object(CDbCriteria))
#8 D:\workspace\java\pims\util\yii\framework\web\CDataProvider.php(224): CActiveDataProvider->calculateTotalItemCount()
#9 D:\workspace\java\pims\util\yii\framework\web\CActiveDataProvider.php(178): CDataProvider->getTotalItemCount()
#10 D:\workspace\java\pims\util\yii\framework\web\CDataProvider.php(168): CActiveDataProvider->fetchData()
#11 D:\workspace\java\pims\util\yii\framework\zii\widgets\CBaseListView.php(111): CDataProvider->getData()
#12 D:\workspace\java\pims\util\yii\framework\zii\widgets\CListView.php(211): CBaseListView->init()
#13 D:\workspace\java\pims\util\yii\framework\web\CBaseController.php(147): CListView->init()
#14 D:\workspace\java\pims\util\yii\framework\web\CBaseController.php(172): CBaseController->createWidget('zii.widgets.CLi...', Array)
#15 D:\workspace\java\pims\util\yii\demos\blog\protected\views\post\index.php(9): CBaseController->widget('zii.widgets.CLi...', Array)
#16 D:\workspace\java\pims\util\yii\framework\web\CBaseController.php(126): require('D:\workspace\ja...')
#17 D:\workspace\java\pims\util\yii\framework\web\CBaseController.php(95): CBaseController->renderInternal('D:\workspace\ja...', Array, true)
#18 D:\workspace\java\pims\util\yii\framework\web\CController.php(869): CBaseController->renderFile('D:\workspace\ja...', Array, true)
#19 D:\workspace\java\pims\util\yii\framework\web\CController.php(782): CController->renderPartial('index', Array, true)
#20 D:\workspace\java\pims\util\yii\demos\blog\protected\controllers\PostController.php(136): CController->render('index', Array)
#21 D:\workspace\java\pims\util\yii\framework\web\actions\CInlineAction.php(49): PostController->actionIndex()
#22 D:\workspace\java\pims\util\yii\framework\web\CController.php(308): CInlineAction->runWithParams(Array)
#23 D:\workspace\java\pims\util\yii\framework\web\filters\CFilterChain.php(133): CController->runAction(Object(CInlineAction))
#24 D:\workspace\java\pims\util\yii\framework\web\filters\CFilter.php(40): CFilterChain->run()
#25 D:\workspace\java\pims\util\yii\framework\web\CController.php(1145): CFilter->filter(Object(CFilterChain))
#26 D:\workspace\java\pims\util\yii\framework\web\filters\CInlineFilter.php(58): CController->filterAccessControl(Object(CFilterChain))
#27 D:\workspace\java\pims\util\yii\framework\web\filters\CFilterChain.php(130): CInlineFilter->filter(Object(CFilterChain))
#28 D:\workspace\java\pims\util\yii\framework\web\CController.php(291): CFilterChain->run()
#29 D:\workspace\java\pims\util\yii\framework\web\CController.php(265): CController->runActionWithFilters(Object(CInlineAction), Array)
#30 D:\workspace\java\pims\util\yii\framework\web\CWebApplication.php(282): CController->run('')
#31 D:\workspace\java\pims\util\yii\framework\web\CWebApplication.php(141): CWebApplication->runController('')
#32 D:\workspace\java\pims\util\yii\framework\base\CApplication.php(180): CWebApplication->processRequest()
#33 D:\workspace\java\pims\index.php(23): CApplication->run()
#34 {main}
REQUEST_URI=/workspace/java/pims/
HTTP_REFERER=http://localhost/prog/head.php
---
